<?xml version="1.0" encoding="UTF-8"?>
<testng-results ignored="0" total="2" passed="2" failed="0" skipped="0">
  <reporter-output>
  </reporter-output>
  <suite started-at="2021-08-19T16:51:26 IST" name="Suite" finished-at="2021-08-19T16:51:44 IST" duration-ms="18736">
    <groups>
    </groups>
    <test started-at="2021-08-19T16:51:26 IST" name="Test" finished-at="2021-08-19T16:51:44 IST" duration-ms="18736">
      <class name="saucedemo.Logintestcase">
        <test-method signature="basePageNavigation(java.lang.String,java.lang.String)[pri:0, instance:saucedemo.Logintestcase@27ce24aa]" started-at="2021-08-19T16:51:26 IST" name="basePageNavigation" data-provider="getData" finished-at="2021-08-19T16:51:36 IST" duration-ms="10326" status="PASS">
          <params>
            <param index="0">
              <value>
                <![CDATA[standard_user]]>
              </value>
            </param>
            <param index="1">
              <value>
                <![CDATA[secret_sauce]]>
              </value>
            </param>
          </params>
          <reporter-output>
          </reporter-output>
        </test-method> <!-- basePageNavigation -->
        <test-method signature="basePageNavigation(java.lang.String,java.lang.String)[pri:0, instance:saucedemo.Logintestcase@27ce24aa]" started-at="2021-08-19T16:51:36 IST" name="basePageNavigation" data-provider="getData" finished-at="2021-08-19T16:51:44 IST" duration-ms="8319" status="PASS">
          <params>
            <param index="0">
              <value>
                <![CDATA[problem_user]]>
              </value>
            </param>
            <param index="1">
              <value>
                <![CDATA[secret_sauce]]>
              </value>
            </param>
          </params>
          <reporter-output>
          </reporter-output>
        </test-method> <!-- basePageNavigation -->
      </class> <!-- saucedemo.Logintestcase -->
    </test> <!-- Test -->
  </suite> <!-- Suite -->
</testng-results>
